0 info it worked if it ends with ok
1 verbose cli [ '/usr/local/bin/node', '/usr/local/bin/npm', 'run', 'serve' ]
2 info using npm@4.1.2
3 info using node@v5.3.0
4 verbose run-script [ 'preserve', 'serve', 'postserve' ]
5 info lifecycle usabit.github.io@0.1.0~preserve: usabit.github.io@0.1.0
6 silly lifecycle usabit.github.io@0.1.0~preserve: no script for preserve, continuing
7 info lifecycle usabit.github.io@0.1.0~serve: usabit.github.io@0.1.0
8 verbose lifecycle usabit.github.io@0.1.0~serve: unsafe-perm in lifecycle true
9 verbose lifecycle usabit.github.io@0.1.0~serve: PATH: /usr/local/lib/node_modules/npm/bin/node-gyp-bin:/Users/cassiomansini/projetos/usabit/usabit-site/html/node_modules/.bin:/Users/cassiomansini/.rvm/gems/ruby-2.1.4/bin:/Users/cassiomansini/.rvm/gems/ruby-2.1.4@global/bin:/Users/cassiomansini/.rvm/rubies/ruby-2.1.4/bin:/Users/cassiomansini/.rvm/bin:/usr/local/bin:/usr/bin:/bin:/usr/sbin:/sbin
10 verbose lifecycle usabit.github.io@0.1.0~serve: CWD: /Users/cassiomansini/projetos/usabit/usabit-site/html
11 silly lifecycle usabit.github.io@0.1.0~serve: Args: [ '-c', 'bundle exec jekyll serve' ]
12 silly lifecycle usabit.github.io@0.1.0~serve: Returned: code: 1  signal: null
13 info lifecycle usabit.github.io@0.1.0~serve: Failed to exec serve script
14 verbose stack Error: usabit.github.io@0.1.0 serve: `bundle exec jekyll serve`
14 verbose stack Exit status 1
14 verbose stack     at EventEmitter.<anonymous> (/usr/local/lib/node_modules/npm/lib/utils/lifecycle.js:279:16)
14 verbose stack     at emitTwo (events.js:87:13)
14 verbose stack     at EventEmitter.emit (events.js:172:7)
14 verbose stack     at ChildProcess.<anonymous> (/usr/local/lib/node_modules/npm/lib/utils/spawn.js:40:14)
14 verbose stack     at emitTwo (events.js:87:13)
14 verbose stack     at ChildProcess.emit (events.js:172:7)
14 verbose stack     at maybeClose (internal/child_process.js:818:16)
14 verbose stack     at Process.ChildProcess._handle.onexit (internal/child_process.js:211:5)
15 verbose pkgid usabit.github.io@0.1.0
16 verbose cwd /Users/cassiomansini/projetos/usabit/usabit-site/html
17 error Darwin 16.3.0
18 error argv "/usr/local/bin/node" "/usr/local/bin/npm" "run" "serve"
19 error node v5.3.0
20 error npm  v4.1.2
21 error code ELIFECYCLE
22 error usabit.github.io@0.1.0 serve: `bundle exec jekyll serve`
22 error Exit status 1
23 error Failed at the usabit.github.io@0.1.0 serve script 'bundle exec jekyll serve'.
23 error Make sure you have the latest version of node.js and npm installed.
23 error If you do, this is most likely a problem with the usabit.github.io package,
23 error not with npm itself.
23 error Tell the author that this fails on your system:
23 error     bundle exec jekyll serve
23 error You can get information on how to open an issue for this project with:
23 error     npm bugs usabit.github.io
23 error Or if that isn't available, you can get their info via:
23 error     npm owner ls usabit.github.io
23 error There is likely additional logging output above.
24 verbose exit [ 1, true ]
